Using pre-set license
Built from '2020.3/staging' branch; Version is '2020.3.17f1 (a4537701e4ab) revision 10769271'; Using compiler version '192528614'; Build Type 'Release'
OS: 'Windows 10 Home; OS build 19042.1288; Version 2009; 64bit' Language: 'en' Physical Memory: 8036 MB
BatchMode: 1, IsHumanControllingUs: 0, StartBugReporterOnCrash: 0, Is64bit: 1, IsPro: 0

COMMAND LINE ARGUMENTS:
C:\Program Files\Unity\Hub\Editor\2020.3.17f1\Editor\Unity.exe
-adb2
-batchMode
-noUpm
-name
AssetImportWorker1
-projectPath
C:/Users/Johan Carette/Documents/GAME312/Lab 2 - RobotRampage - 2021
-logFile
Logs/AssetImportWorker1.log
-srvPort
51509
Successfully changed project path to: C:/Users/Johan Carette/Documents/GAME312/Lab 2 - RobotRampage - 2021
C:/Users/Johan Carette/Documents/GAME312/Lab 2 - RobotRampage - 2021
Using Asset Import Pipeline V2.
Refreshing native plugins compatible for Editor in 32.02 ms, found 2 plugins.
Preloading 0 native plugins for Editor in 0.00 ms.
Initialize engine version: 2020.3.17f1 (a4537701e4ab)
[Subsystems] Discovering subsystems at path C:/Program Files/Unity/Hub/Editor/2020.3.17f1/Editor/Data/Resources/UnitySubsystems
[Subsystems] Discovering subsystems at path C:/Users/Johan Carette/Documents/GAME312/Lab 2 - RobotRampage - 2021/Assets
GfxDevice: creating device client; threaded=0
Direct3D:
    Version:  Direct3D 11.0 [level 11.1]
    Renderer: NVIDIA GeForce GTX 1050 (ID=0x1c91)
    Vendor:   
    VRAM:     2996 MB
    Driver:   30.0.14.9613
Initialize mono
Mono path[0] = 'C:/Program Files/Unity/Hub/Editor/2020.3.17f1/Editor/Data/Managed'
Mono path[1] = 'C:/Program Files/Unity/Hub/Editor/2020.3.17f1/Editor/Data/MonoBleedingEdge/lib/mono/unityjit'
Mono config path = 'C:/Program Files/Unity/Hub/Editor/2020.3.17f1/Editor/Data/MonoBleedingEdge/etc'
Using monoOptions --debugger-agent=transport=dt_socket,embedding=1,server=y,suspend=n,address=127.0.0.1:56228
Begin MonoManager ReloadAssembly
Registering precompiled unity dll's ...
Register platform support module: C:/Program Files/Unity/Hub/Editor/2020.3.17f1/Editor/Data/PlaybackEngines/WindowsStandaloneSupport/UnityEditor.WindowsStandalone.Extensions.dll
Registered in 0.002672 seconds.
Native extension for WindowsStandalone target not found
Refreshing native plugins compatible for Editor in 27.97 ms, found 2 plugins.
Preloading 0 native plugins for Editor in 0.00 ms.
Mono: successfully reloaded assembly
- Completed reload, in  1.097 seconds
Domain Reload Profiling:
	ReloadAssembly (1097ms)
		BeginReloadAssembly (64ms)
			ExecutionOrderSort (0ms)
			DisableScriptedObjects (0ms)
			BackupInstance (0ms)
			ReleaseScriptingObjects (0ms)
			CreateAndSetChildDomain (1ms)
		EndReloadAssembly (383ms)
			LoadAssemblies (61ms)
			RebuildTransferFunctionScriptingTraits (0ms)
			SetupTypeCache (143ms)
			ReleaseScriptCaches (0ms)
			RebuildScriptCaches (28ms)
			SetupLoadedEditorAssemblies (142ms)
				LogAssemblyErrors (0ms)
				InitializePlatformSupportModulesInManaged (4ms)
				SetLoadedEditorAssemblies (0ms)
				RefreshPlugins (28ms)
				BeforeProcessingInitializeOnLoad (14ms)
				ProcessInitializeOnLoadAttributes (71ms)
				ProcessInitializeOnLoadMethodAttributes (26ms)
				AfterProcessingInitializeOnLoad (0ms)
				EditorAssembliesLoaded (0ms)
			ExecutionOrderSort2 (0ms)
			AwakeInstancesAfterBackupRestoration (0ms)
Platform modules already initialized, skipping
Registering precompiled user dll's ...
Registered in 0.005687 seconds.
Begin MonoManager ReloadAssembly
Native extension for WindowsStandalone target not found
Refreshing native plugins compatible for Editor in 0.32 ms, found 2 plugins.
Preloading 0 native plugins for Editor in 0.00 ms.
Mono: successfully reloaded assembly
- Completed reload, in  2.201 seconds
Domain Reload Profiling:
	ReloadAssembly (2202ms)
		BeginReloadAssembly (174ms)
			ExecutionOrderSort (0ms)
			DisableScriptedObjects (4ms)
			BackupInstance (0ms)
			ReleaseScriptingObjects (0ms)
			CreateAndSetChildDomain (18ms)
		EndReloadAssembly (1928ms)
			LoadAssemblies (1045ms)
			RebuildTransferFunctionScriptingTraits (0ms)
			SetupTypeCache (263ms)
			ReleaseScriptCaches (0ms)
			RebuildScriptCaches (39ms)
			SetupLoadedEditorAssemblies (511ms)
				LogAssemblyErrors (0ms)
				InitializePlatformSupportModulesInManaged (5ms)
				SetLoadedEditorAssemblies (1ms)
				RefreshPlugins (0ms)
				BeforeProcessingInitializeOnLoad (102ms)
				ProcessInitializeOnLoadAttributes (390ms)
				ProcessInitializeOnLoadMethodAttributes (4ms)
				AfterProcessingInitializeOnLoad (9ms)
				EditorAssembliesLoaded (0ms)
			ExecutionOrderSort2 (0ms)
			AwakeInstancesAfterBackupRestoration (6ms)
Platform modules already initialized, skipping
========================================================================
Worker process is ready to serve import requests
Launched and connected shader compiler UnityShaderCompiler.exe after 0.23 seconds
Refreshing native plugins compatible for Editor in 1.04 ms, found 2 plugins.
Preloading 0 native plugins for Editor in 0.00 ms.
Unloading 1441 Unused Serialized files (Serialized files now loaded: 0)
System memory in use before: 66.1 MB.
System memory in use after: 66.2 MB.

Unloading 18 unused Assets to reduce memory usage. Loaded Objects now: 1874.
Total: 4.415800 ms (FindLiveObjects: 0.258900 ms CreateObjectMapping: 0.092700 ms MarkObjects: 3.968600 ms  DeleteObjects: 0.093700 ms)

AssetImportParameters requested are different than current active one (requested -> active):
  custom:framework-win-MediaFoundation: 216162199b28c13a410421893ffa2e32 -> 
  custom:video-decoder-ogg-theora: a1e56fd34408186e4bbccfd4996cb3dc -> 
  custom:container-muxer-webm: aa71ff27fc2769a1b78a27578f13a17b -> 
  custom:container-demuxer-webm: 4f35f7cbe854078d1ac9338744f61a02 -> 
  custom:container-demuxer-ogg: 62fdf1f143b41e24485cea50d1cbac27 -> 
  custom:video-encoder-webm-vp8: eb34c28f22e8b96e1ab97ce403110664 -> 
  custom:video-codec-MediaFoundation-h265: 746d11721c4dcdbdad8f713fa42b33f4 -> 
  custom:video-decoder-webm-vp8: 9c59270c3fd7afecdb556c50c9e8de78 -> 
  custom:audio-decoder-ogg-vorbis: bf7c407c2cedff20999df2af8eb42d56 -> 
  custom:audio-encoder-webm-vorbis: bf7c407c2cedff20999df2af8eb42d56 -> 
========================================================================
Received Import Request.
  path: ProjectSettings/TagManager.asset
  artifactKey: Guid(00000000000000003000000000000000) Importer(815301076,1909f56bfc062723c751e8b465ee728b)
Start importing ProjectSettings/TagManager.asset using Guid(00000000000000003000000000000000) Importer(815301076,1909f56bfc062723c751e8b465ee728b)  -> (artifact id: 'fa2a348cfcc25c8d2f727c3fbb666e6e') in 0.489812 seconds 
  Import took 0.550538 seconds .

========================================================================
Received Prepare
Registering precompiled user dll's ...
Registered in 0.074425 seconds.
Begin MonoManager ReloadAssembly
Native extension for WindowsStandalone target not found
Refreshing native plugins compatible for Editor in 0.32 ms, found 2 plugins.
Preloading 0 native plugins for Editor in 0.00 ms.
Mono: successfully reloaded assembly
- Completed reload, in  1.788 seconds
Domain Reload Profiling:
	ReloadAssembly (1789ms)
		BeginReloadAssembly (216ms)
			ExecutionOrderSort (0ms)
			DisableScriptedObjects (4ms)
			BackupInstance (0ms)
			ReleaseScriptingObjects (0ms)
			CreateAndSetChildDomain (55ms)
		EndReloadAssembly (1513ms)
			LoadAssemblies (136ms)
			RebuildTransferFunctionScriptingTraits (0ms)
			SetupTypeCache (250ms)
			ReleaseScriptCaches (1ms)
			RebuildScriptCaches (35ms)
			SetupLoadedEditorAssemblies (1051ms)
				LogAssemblyErrors (0ms)
				InitializePlatformSupportModulesInManaged (6ms)
				SetLoadedEditorAssemblies (0ms)
				RefreshPlugins (0ms)
				BeforeProcessingInitializeOnLoad (69ms)
				ProcessInitializeOnLoadAttributes (963ms)
				ProcessInitializeOnLoadMethodAttributes (4ms)
				AfterProcessingInitializeOnLoad (9ms)
				EditorAssembliesLoaded (0ms)
			ExecutionOrderSort2 (0ms)
			AwakeInstancesAfterBackupRestoration (6ms)
Platform modules already initialized, skipping
Refreshing native plugins compatible for Editor in 0.31 ms, found 2 plugins.
Preloading 0 native plugins for Editor in 0.00 ms.
Unloading 1435 Unused Serialized files (Serialized files now loaded: 0)
System memory in use before: 65.8 MB.
System memory in use after: 65.9 MB.

Unloading 14 unused Assets to reduce memory usage. Loaded Objects now: 1876.
Total: 2.346100 ms (FindLiveObjects: 0.137000 ms CreateObjectMapping: 0.045400 ms MarkObjects: 2.148500 ms  DeleteObjects: 0.014300 ms)

AssetImportParameters requested are different than current active one (requested -> active):
  custom:framework-win-MediaFoundation: 216162199b28c13a410421893ffa2e32 -> 
  custom:video-decoder-ogg-theora: a1e56fd34408186e4bbccfd4996cb3dc -> 
  custom:container-muxer-webm: aa71ff27fc2769a1b78a27578f13a17b -> 
  custom:container-demuxer-webm: 4f35f7cbe854078d1ac9338744f61a02 -> 
  custom:container-demuxer-ogg: 62fdf1f143b41e24485cea50d1cbac27 -> 
  custom:video-encoder-webm-vp8: eb34c28f22e8b96e1ab97ce403110664 -> 
  custom:video-codec-MediaFoundation-h265: 746d11721c4dcdbdad8f713fa42b33f4 -> 
  custom:video-decoder-webm-vp8: 9c59270c3fd7afecdb556c50c9e8de78 -> 
  custom:audio-decoder-ogg-vorbis: bf7c407c2cedff20999df2af8eb42d56 -> 
  custom:audio-encoder-webm-vorbis: bf7c407c2cedff20999df2af8eb42d56 -> 
========================================================================
Received Import Request.
  Time since last request: 681.006643 seconds.
  path: Assets/Models
  artifactKey: Guid(926720881ecf7404d9009af29f9b6669) Importer(815301076,1909f56bfc062723c751e8b465ee728b)
Start importing Assets/Models using Guid(926720881ecf7404d9009af29f9b6669) Importer(815301076,1909f56bfc062723c751e8b465ee728b)  -> (artifact id: 'a8fbbf5034beeb7b47fe07f689c9e88e') in 0.066326 seconds 
  Import took 0.238487 seconds .

========================================================================
Received Import Request.
  Time since last request: 0.001412 seconds.
  path: Assets/Models
  artifactKey: Guid(926720881ecf7404d9009af29f9b6669) Importer(815301076,1909f56bfc062723c751e8b465ee728b)
Start importing Assets/Models using Guid(926720881ecf7404d9009af29f9b6669) Importer(815301076,1909f56bfc062723c751e8b465ee728b)  -> (artifact id: 'a8fbbf5034beeb7b47fe07f689c9e88e') in 0.011222 seconds 
  Import took 0.030768 seconds .

========================================================================
Received Import Request.
  Time since last request: 0.000231 seconds.
  path: Assets/Models/RobotMissile.prefab
  artifactKey: Guid(d2c78b2d67c97420287beecc1c341311) Importer(815301076,1909f56bfc062723c751e8b465ee728b)
Start importing Assets/Models/RobotMissile.prefab using Guid(d2c78b2d67c97420287beecc1c341311) Importer(815301076,1909f56bfc062723c751e8b465ee728b)  -> (artifact id: '10e377b57ee557e9ed2a0a7c12218042') in 1.358715 seconds 
  Import took 1.384547 seconds .

========================================================================
Received Import Request.
  Time since last request: 0.000598 seconds.
  path: Assets/Models/RobotRampage-Title.fbx
  artifactKey: Guid(6de6767cda1394fb3993f33e149d8938) Importer(815301076,1909f56bfc062723c751e8b465ee728b)
Start importing Assets/Models/RobotRampage-Title.fbx using Guid(6de6767cda1394fb3993f33e149d8938) Importer(815301076,1909f56bfc062723c751e8b465ee728b)  -> (artifact id: 'eb7c96dcb17199eef566a5c4826a5412') in 1.149238 seconds 
  Import took 1.182956 seconds .

========================================================================
Received Import Request.
  Time since last request: 0.000471 seconds.
  path: Assets/Models/RobotRampage_Pickup_Ammo.blend
  artifactKey: Guid(a69030052afe0437490b368f6f3a11b6) Importer(815301076,1909f56bfc062723c751e8b465ee728b)
Start importing Assets/Models/RobotRampage_Pickup_Ammo.blend using Guid(a69030052afe0437490b368f6f3a11b6) Importer(815301076,1909f56bfc062723c751e8b465ee728b)  -> (artifact id: 'c78659715346131ef74e2a9eeb0a5e45') in 2.215472 seconds 
  Import took 2.244031 seconds .

========================================================================
Received Import Request.
  Time since last request: 0.000260 seconds.
  path: Assets/Models/RobotRampage_ParticleSmoke.blend
  artifactKey: Guid(8745635dbac3a4f9a8c53624d16a3b54) Importer(815301076,1909f56bfc062723c751e8b465ee728b)
Start importing Assets/Models/RobotRampage_ParticleSmoke.blend using Guid(8745635dbac3a4f9a8c53624d16a3b54) Importer(815301076,1909f56bfc062723c751e8b465ee728b)  -> (artifact id: '5daea39819b02550cd8c5101b230f880') in 0.109574 seconds 
  Import took 0.148029 seconds .

========================================================================
Received Import Request.
  Time since last request: 0.000656 seconds.
  path: Assets/Models/RobotRampage_Wall-Post.blend
  artifactKey: Guid(0cae319aeebd340d68d5eea8bae42aa9) Importer(815301076,1909f56bfc062723c751e8b465ee728b)
Start importing Assets/Models/RobotRampage_Wall-Post.blend using Guid(0cae319aeebd340d68d5eea8bae42aa9) Importer(815301076,1909f56bfc062723c751e8b465ee728b)  -> (artifact id: '52a1e4e86f485bf81769c0f1f0c022d9') in 0.078651 seconds 
  Import took 0.084307 seconds .

========================================================================
Received Import Request.
  Time since last request: 0.000186 seconds.
  path: Assets/Models/RobotRampage_Pickup_Health.blend
  artifactKey: Guid(6c43464943ca24aeda68fdd20b321b41) Importer(815301076,1909f56bfc062723c751e8b465ee728b)
Start importing Assets/Models/RobotRampage_Pickup_Health.blend using Guid(6c43464943ca24aeda68fdd20b321b41) Importer(815301076,1909f56bfc062723c751e8b465ee728b)  -> (artifact id: '81f7f992bd9514fdf58842bd550555d9') in 0.089254 seconds 
  Import took 0.092553 seconds .

========================================================================
Received Import Request.
  Time since last request: 0.000173 seconds.
  path: Assets/Models/RobotRampage_Bot_Texture.psd
  artifactKey: Guid(96065b00546b841529c975fbfb01640c) Importer(815301076,1909f56bfc062723c751e8b465ee728b)
Start importing Assets/Models/RobotRampage_Bot_Texture.psd using Guid(96065b00546b841529c975fbfb01640c) Importer(815301076,1909f56bfc062723c751e8b465ee728b)  -> (artifact id: '141f3303f9fcefcea8f3add8a1d0d012') in 0.247813 seconds 
  Import took 0.251108 seconds .

========================================================================
Received Import Request.
  Time since last request: 0.000263 seconds.
  path: Assets/Models/RobotRampage_Shotgun.fbx
  artifactKey: Guid(6f08686d23bef304a93c7f4af1e8f17c) Importer(815301076,1909f56bfc062723c751e8b465ee728b)
Start importing Assets/Models/RobotRampage_Shotgun.fbx using Guid(6f08686d23bef304a93c7f4af1e8f17c) Importer(815301076,1909f56bfc062723c751e8b465ee728b)  -> (artifact id: 'b54cab2cf34673e61f46c4b410bd9627') in 0.143539 seconds 
  Import took 0.162803 seconds .

========================================================================
Received Import Request.
  Time since last request: 0.000314 seconds.
  path: Assets/Models/RobotRampage_BotBall_v1.blend
  artifactKey: Guid(a2ac354ba9ee44b57a05ae6430047c1f) Importer(815301076,1909f56bfc062723c751e8b465ee728b)
Start importing Assets/Models/RobotRampage_BotBall_v1.blend using Guid(a2ac354ba9ee44b57a05ae6430047c1f) Importer(815301076,1909f56bfc062723c751e8b465ee728b)  -> (artifact id: '64045cd1f4d5bab6f6afb6bbee86ffbb') in 0.051050 seconds 
  Import took 0.055116 seconds .

========================================================================
Received Import Request.
  Time since last request: 0.000175 seconds.
  path: Assets/Models/RobotRampage_Bot_TextureBlue.png
  artifactKey: Guid(0ac8ed0d652494fd29b4c921e018c988) Importer(815301076,1909f56bfc062723c751e8b465ee728b)
Start importing Assets/Models/RobotRampage_Bot_TextureBlue.png using Guid(0ac8ed0d652494fd29b4c921e018c988) Importer(815301076,1909f56bfc062723c751e8b465ee728b)  -> (artifact id: '59ca7fb68f0a70134eec2a568b1410f3') in 0.228682 seconds 
  Import took 0.275032 seconds .

========================================================================
Received Import Request.
  Time since last request: 0.000820 seconds.
  path: Assets/Models/RobotRampage_AssaultRifle.fbx
  artifactKey: Guid(a8dd7506f95e7d946a1030be85c479db) Importer(815301076,1909f56bfc062723c751e8b465ee728b)
Start importing Assets/Models/RobotRampage_AssaultRifle.fbx using Guid(a8dd7506f95e7d946a1030be85c479db) Importer(815301076,1909f56bfc062723c751e8b465ee728b)  -> (artifact id: '46c08a5903d0fe60c64cb131d510d9d3') in 0.144512 seconds 
  Import took 0.174765 seconds .

========================================================================
Received Import Request.
  Time since last request: 0.000637 seconds.
  path: Assets/Models/RobotRampage_Bot_TextureYellow.png
  artifactKey: Guid(5934243e71d3348e79e8488019641c9c) Importer(815301076,1909f56bfc062723c751e8b465ee728b)
Start importing Assets/Models/RobotRampage_Bot_TextureYellow.png using Guid(5934243e71d3348e79e8488019641c9c) Importer(815301076,1909f56bfc062723c751e8b465ee728b)  -> (artifact id: 'a8ee7c3989772001a7db30ebad52c6dd') in 0.047787 seconds 
  Import took 0.053068 seconds .

========================================================================
Received Import Request.
  Time since last request: 0.000182 seconds.
  path: Assets/Models/RobotRampage_Pistol.fbx
  artifactKey: Guid(e4be631cda7f47448a35b76f4af4ab7d) Importer(815301076,1909f56bfc062723c751e8b465ee728b)
Start importing Assets/Models/RobotRampage_Pistol.fbx using Guid(e4be631cda7f47448a35b76f4af4ab7d) Importer(815301076,1909f56bfc062723c751e8b465ee728b)  -> (artifact id: 'cbcb3154f436b9b4eadf3797f6e36db0') in 0.073693 seconds 
  Import took 0.076747 seconds .

========================================================================
Received Import Request.
  Time since last request: 0.000175 seconds.
  path: Assets/Models/RobotRampage_Bot_v1.fbx
  artifactKey: Guid(fb900ac847b684cda925ff9b43688031) Importer(815301076,1909f56bfc062723c751e8b465ee728b)
Start importing Assets/Models/RobotRampage_Bot_v1.fbx using Guid(fb900ac847b684cda925ff9b43688031) Importer(815301076,1909f56bfc062723c751e8b465ee728b)  -> (artifact id: 'bade0929894ca3bc5425352136631c88') in 0.108977 seconds 
  Import took 0.126923 seconds .

========================================================================
Received Import Request.
  Time since last request: 0.000393 seconds.
  path: Assets/Models/RobotRampage_Teleporter.blend
  artifactKey: Guid(426e8b241d26048d6a27c8e1d266ebdc) Importer(815301076,1909f56bfc062723c751e8b465ee728b)
Start importing Assets/Models/RobotRampage_Teleporter.blend using Guid(426e8b241d26048d6a27c8e1d266ebdc) Importer(815301076,1909f56bfc062723c751e8b465ee728b)  -> (artifact id: 'e91297e933f99a970824c64dd8148ae7') in 0.150987 seconds 
  Import took 0.154827 seconds .

========================================================================
Received Import Request.
  Time since last request: 0.000170 seconds.
  path: Assets/Models/RobotRampage_Projectile_v1.blend
  artifactKey: Guid(c90116297957c499a9ee51bf55e47dd5) Importer(815301076,1909f56bfc062723c751e8b465ee728b)
Start importing Assets/Models/RobotRampage_Projectile_v1.blend using Guid(c90116297957c499a9ee51bf55e47dd5) Importer(815301076,1909f56bfc062723c751e8b465ee728b)  -> (artifact id: 'dd92d50201f95b6a0e295b16a4dd291b') in 0.038359 seconds 
  Import took 0.066286 seconds .

========================================================================
Received Import Request.
  Time since last request: 0.000345 seconds.
  path: Assets/Models/RobotRampage_Wall.blend
  artifactKey: Guid(6955a90d383c1430686eabea7ea76478) Importer(815301076,1909f56bfc062723c751e8b465ee728b)
Start importing Assets/Models/RobotRampage_Wall.blend using Guid(6955a90d383c1430686eabea7ea76478) Importer(815301076,1909f56bfc062723c751e8b465ee728b)  -> (artifact id: 'af8139017d204e20c3a8efcd824c01af') in 0.080515 seconds 
  Import took 0.084113 seconds .

========================================================================
Received Import Request.
  Time since last request: 0.000244 seconds.
  path: Assets/Models/RobotRampage_Pickup_Armor.blend
  artifactKey: Guid(5f27c30c422fc4cbc8056b935b45262d) Importer(815301076,1909f56bfc062723c751e8b465ee728b)
Start importing Assets/Models/RobotRampage_Pickup_Armor.blend using Guid(5f27c30c422fc4cbc8056b935b45262d) Importer(815301076,1909f56bfc062723c751e8b465ee728b)  -> (artifact id: 'f7250ea545cc2ca559ee2c47e72fa0ec') in 0.083417 seconds 
  Import took 0.085899 seconds .

========================================================================
Received Prepare
Registering precompiled user dll's ...
Registered in 0.006128 seconds.
Begin MonoManager ReloadAssembly
Native extension for WindowsStandalone target not found
Refreshing native plugins compatible for Editor in 0.31 ms, found 2 plugins.
Preloading 0 native plugins for Editor in 0.00 ms.
Mono: successfully reloaded assembly
- Completed reload, in  1.891 seconds
Domain Reload Profiling:
	ReloadAssembly (1892ms)
		BeginReloadAssembly (144ms)
			ExecutionOrderSort (0ms)
			DisableScriptedObjects (4ms)
			BackupInstance (0ms)
			ReleaseScriptingObjects (0ms)
			CreateAndSetChildDomain (34ms)
		EndReloadAssembly (1685ms)
			LoadAssemblies (173ms)
			RebuildTransferFunctionScriptingTraits (0ms)
			SetupTypeCache (275ms)
			ReleaseScriptCaches (1ms)
			RebuildScriptCaches (35ms)
			SetupLoadedEditorAssemblies (1120ms)
				LogAssemblyErrors (0ms)
				InitializePlatformSupportModulesInManaged (5ms)
				SetLoadedEditorAssemblies (0ms)
				RefreshPlugins (0ms)
				BeforeProcessingInitializeOnLoad (68ms)
				ProcessInitializeOnLoadAttributes (1034ms)
				ProcessInitializeOnLoadMethodAttributes (4ms)
				AfterProcessingInitializeOnLoad (8ms)
				EditorAssembliesLoaded (0ms)
			ExecutionOrderSort2 (0ms)
			AwakeInstancesAfterBackupRestoration (6ms)
Platform modules already initialized, skipping
Refreshing native plugins compatible for Editor in 0.34 ms, found 2 plugins.
Preloading 0 native plugins for Editor in 0.00 ms.
Unloading 1435 Unused Serialized files (Serialized files now loaded: 0)
System memory in use before: 69.4 MB.
System memory in use after: 69.5 MB.

Unloading 13 unused Assets to reduce memory usage. Loaded Objects now: 1890.
Total: 2.892700 ms (FindLiveObjects: 0.161500 ms CreateObjectMapping: 0.053000 ms MarkObjects: 2.659100 ms  DeleteObjects: 0.018100 ms)

AssetImportParameters requested are different than current active one (requested -> active):
  custom:framework-win-MediaFoundation: 216162199b28c13a410421893ffa2e32 -> 
  custom:video-decoder-ogg-theora: a1e56fd34408186e4bbccfd4996cb3dc -> 
  custom:container-muxer-webm: aa71ff27fc2769a1b78a27578f13a17b -> 
  custom:container-demuxer-webm: 4f35f7cbe854078d1ac9338744f61a02 -> 
  custom:container-demuxer-ogg: 62fdf1f143b41e24485cea50d1cbac27 -> 
  custom:video-encoder-webm-vp8: eb34c28f22e8b96e1ab97ce403110664 -> 
  custom:video-codec-MediaFoundation-h265: 746d11721c4dcdbdad8f713fa42b33f4 -> 
  custom:video-decoder-webm-vp8: 9c59270c3fd7afecdb556c50c9e8de78 -> 
  custom:audio-decoder-ogg-vorbis: bf7c407c2cedff20999df2af8eb42d56 -> 
  custom:audio-encoder-webm-vorbis: bf7c407c2cedff20999df2af8eb42d56 -> 
AssetImportWorkerClient::OnTransportError - code=2 error=End of file
